[2025-02-15T15:09:46.195184+00:00] app_logs.ERROR: admin@bng.com - login inválido [] []
[2025-02-15T15:10:33.976889+00:00] app_logs.INFO: admin@bng.com - login com sucesso [] []
[2025-02-15T15:10:59.591304+00:00] app_logs.INFO: admin@bng.com - fez logout [] []
[2025-02-15T15:16:02.915748+00:00] app_logs.INFO: admin@bng.com - login com sucesso [] []
[2025-02-15T15:16:05.150062+00:00] app_logs.INFO: admin@bng.com - fez logout [] []
[2025-02-15T15:16:07.277199+00:00] app_logs.INFO:  - fez logout [] []
[2025-02-15T15:19:22.304176+00:00] app_logs.INFO: agente1@bng.com - login com sucesso [] []
[2025-02-15T15:19:38.663063+00:00] app_logs.INFO: agente1@bng.com - fez logout [] []
[2025-02-15T15:19:49.914905+00:00] app_logs.INFO:  - fez logout [] []
[2025-02-15T15:42:13.614590+00:00] app_logs.INFO: admin@bng.com - login com sucesso [] []
[2025-02-15T15:42:37.220792+00:00] app_logs.INFO: admin@bng.com - fez logout [] []
[2025-02-15T15:42:53.321009+00:00] app_logs.INFO: agente1@bng.com - login com sucesso [] []
[2025-02-15T15:43:22.266313+00:00] app_logs.INFO: agente1@bng.com - fez logout [] []
[2025-02-15T15:55:48.933144+00:00] app_logs.INFO: agente1@bng.com - login com sucesso [] []
[2025-02-15T23:37:51.227777+00:00] app_logs.INFO: agente1@bng.com - login com sucesso [] []
[2025-02-18T23:34:46.525753+00:00] app_logs.INFO: agente1@bng.com - login com sucesso [] []
[2025-02-19T20:27:28.216716+00:00] app_logs.INFO: agente1@bng.com - fez logout [] []
[2025-02-19T20:27:48.587764+00:00] app_logs.INFO: agente2@bng.com - login com sucesso [] []
[2025-02-19T20:30:00.736732+00:00] app_logs.INFO: agente2@bng.com - fez logout [] []
[2025-02-19T20:30:09.305294+00:00] app_logs.ERROR: agente1@bng.com - login inválido [] []
[2025-02-19T20:30:25.229500+00:00] app_logs.INFO: agente1@bng.com - login com sucesso [] []
[2025-02-20T02:09:17.490077+00:00] app_logs.INFO: agente1@bng.com - adicionou novo cliente: Rui Martins | rui@gmail.com [] []
[2025-02-20T14:11:21.243952+00:00] app_logs.INFO: agente1@bng.com - login com sucesso [] []
[2025-02-20T16:03:58.670710+00:00] app_logs.INFO: agente1@bng.com - atualizou dados do cliente ID: 2 [] []
[2025-02-20T16:04:22.249352+00:00] app_logs.INFO: agente1@bng.com - atualizou dados do cliente ID: 2 [] []
[2025-02-20T16:06:56.472878+00:00] app_logs.INFO: agente1@bng.com - atualizou dados do cliente ID: 2 [] []
[2025-02-20T16:08:49.485963+00:00] app_logs.INFO: agente1@bng.com - atualizou dados do cliente ID: 2 [] []
[2025-02-20T16:08:55.373546+00:00] app_logs.INFO: agente1@bng.com - atualizou dados do cliente ID: 2 [] []
[2025-02-20T16:12:06.844073+00:00] app_logs.INFO: agente1@bng.com - atualizou dados do cliente ID: 7 [] []
[2025-02-20T16:12:33.773910+00:00] app_logs.INFO: agente1@bng.com - atualizou dados do cliente ID: 7 [] []
[2025-02-20T16:16:22.984297+00:00] app_logs.INFO: agente1@bng.com - atualizou dados do cliente ID: 7 [] []
[2025-02-20T16:16:41.952601+00:00] app_logs.INFO: agente1@bng.com - atualizou dados do cliente ID: 7 [] []
[2025-02-20T16:17:28.526520+00:00] app_logs.INFO: agente1@bng.com - atualizou dados do cliente ID: 7 [] []
[2025-02-20T16:17:35.301318+00:00] app_logs.INFO: agente1@bng.com - atualizou dados do cliente ID: 7 [] []
[2025-02-20T16:17:44.652863+00:00] app_logs.INFO: agente1@bng.com - atualizou dados do cliente ID: 7 [] []
[2025-02-20T20:10:19.563678+00:00] app_logs.INFO: agente1@bng.com - eliminado o cliente id: 7 [] []
[2025-02-20T20:10:29.162481+00:00] app_logs.INFO: agente1@bng.com - eliminado o cliente id: 6 [] []
[2025-02-21T02:42:07.143184+00:00] app_logs.INFO: agente1@bng.com - login com sucesso [] []
[2025-02-21T02:57:28.847498+00:00] app_logs.INFO: agente1@bng.com - fez logout [] []
[2025-02-21T20:12:33.924681+00:00] app_logs.INFO: agente1@bng.com - login com sucesso [] []
